<?xml version="1.0" encoding="UTF-8"?>
<testsuite name="shopExampleTest.FashionShopTest" tests="1" skipped="0" failures="0" errors="0" timestamp="2021-08-21T17:10:06" hostname="C02DV8VXMD6R" time="0.011">
  <properties/>
  <testcase name="checkAddtshirtSize()" classname="shopExampleTest.FashionShopTest" time="0.011"/>
  <system-out><![CDATA[]]></system-out>
  <system-err><![CDATA[]]></system-err>
</testsuite>
