<?xml version="1.0" encoding="UTF-8"?>
<testsuite name="programs.multiplier.MultiplyExampleTest" tests="6" skipped="0" failures="0" errors="0" timestamp="2021-08-25T15:25:24" hostname="C02DV8VXMD6R" time="0.015">
  <properties/>
  <testcase name="multiplyTest()" classname="programs.multiplier.MultiplyExampleTest" time="0.002"/>
  <testcase name="repetition 1 of 5" classname="programs.multiplier.MultiplyExampleTest" time="0.001"/>
  <testcase name="repetition 2 of 5" classname="programs.multiplier.MultiplyExampleTest" time="0.001"/>
  <testcase name="repetition 3 of 5" classname="programs.multiplier.MultiplyExampleTest" time="0.001"/>
  <testcase name="repetition 4 of 5" classname="programs.multiplier.MultiplyExampleTest" time="0.001"/>
  <testcase name="repetition 5 of 5" classname="programs.multiplier.MultiplyExampleTest" time="0.0"/>
  <system-out><![CDATA[]]></system-out>
  <system-err><![CDATA[]]></system-err>
</testsuite>
