<?xml version="1.0" encoding="UTF-8"?>
<testsuite name="Aug23.mockExample.MockitoWhenExampleTest" tests="1" skipped="0" failures="0" errors="0" timestamp="2021-08-25T15:25:24" hostname="C02DV8VXMD6R" time="0.001">
  <properties/>
  <testcase name="testMoreThanOneReturnValue()" classname="Aug23.mockExample.MockitoWhenExampleTest" time="0.001"/>
  <system-out><![CDATA[]]></system-out>
  <system-err><![CDATA[]]></system-err>
</testsuite>
