<?xml version="1.0" encoding="UTF-8"?>
<testsuite name="p5.InventoryTest" tests="1" skipped="0" failures="0" errors="0" timestamp="2021-08-28T16:28:12" hostname="C02DV8VXMD6R" time="0.012">
  <properties/>
  <testcase name="searchProductTest()" classname="p5.InventoryTest" time="0.012"/>
  <system-out><![CDATA[]]></system-out>
  <system-err><![CDATA[]]></system-err>
</testsuite>
